<?xml version="1.0" encoding="UTF-8"?>
<!-- Generated by org.testng.reporters.JUnitXMLReporter -->
<testsuite hostname="Mahesh" ignored="0" name="mailtest" tests="1" failures="0" timestamp="23 Aug 2020 14:45:42 GMT" time="0.028" errors="0">
  <testcase name="@BeforeSuite open_browser" time="0.012" classname="common.Common">
    <failure type="java.lang.NullPointerException">
      <![CDATA[java.lang.NullPointerException
at common.Common.open_browser(Common.java:39)
... Removed 20 stack frames]]>
    </failure>
  </testcase> <!-- @BeforeSuite open_browser -->
  <testcase name="loginpage" time="0.0" classname="test.login">
    <skipped/>
  </testcase> <!-- loginpage -->
</testsuite> <!-- mailtest -->
